# JRE version: Java(TM) SE Runtime Environment (12.0.1+12) (build 12.0.1+12)
# Java VM: Java HotSpot(TM) 64-Bit Server VM (12.0.1+12, mixed mode, tiered, compressed oops, g1 gc, windows-amd64)
Heap:
 garbage-first heap   total 78848K, used 50980K [0x00000000c1c00000, 0x0000000100000000)
  region size 1024K, 24 young (24576K), 3 survivors (3072K)
 Metaspace       used 47119K, capacity 48181K, committed 48432K, reserved 1105920K
  class space    used 5583K, capacity 6010K, committed 6016K, reserved 1048576K
GC Heap History (10 events):
Event: 9.278 GC heap before
{Heap before GC invocations=17 (full 0):
 garbage-first heap   total 65536K, used 48589K [0x00000000c1c00000, 0x0000000100000000)
  region size 1024K, 29 young (29696K), 4 survivors (4096K)
 Metaspace       used 42880K, capacity 43769K, committed 44080K, reserved 1101824K
  class space    used 5059K, capacity 5414K, committed 5504K, reserved 1048576K
}
Event: 9.293 GC heap after
{Heap after GC invocations=18 (full 0):
 garbage-first heap   total 65536K, used 24435K [0x00000000c1c00000, 0x0000000100000000)
  region size 1024K, 4 young (4096K), 4 survivors (4096K)
 Metaspace       used 42880K, capacity 43769K, committed 44080K, reserved 1101824K
  class space    used 5059K, capacity 5414K, committed 5504K, reserved 1048576K
}
Event: 9.809 GC heap before
{Heap before GC invocations=18 (full 0):
 garbage-first heap   total 65536K, used 49011K [0x00000000c1c00000, 0x0000000100000000)
  region size 1024K, 28 young (28672K), 4 survivors (4096K)
 Metaspace       used 43589K, capacity 44533K, committed 44592K, reserved 1101824K
  class space    used 5144K, capacity 5499K, committed 5504K, reserved 1048576K
}
Event: 9.820 GC heap after
{Heap after GC invocations=19 (full 0):
 garbage-first heap   total 78848K, used 25693K [0x00000000c1c00000, 0x0000000100000000)
  region size 1024K, 3 young (3072K), 3 survivors (3072K)
 Metaspace       used 43589K, capacity 44533K, committed 44592K, reserved 1101824K
  class space    used 5144K, capacity 5499K, committed 5504K, reserved 1048576K
}
Event: 10.241 GC heap before
{Heap before GC invocations=19 (full 0):
 garbage-first heap   total 78848K, used 57437K [0x00000000c1c00000, 0x0000000100000000)
  region size 1024K, 34 young (34816K), 3 survivors (3072K)
 Metaspace       used 44767K, capacity 45779K, committed 45872K, reserved 1103872K
  class space    used 5303K, capacity 5686K, committed 5760K, reserved 1048576K
}
Event: 10.253 GC heap after
{Heap after GC invocations=20 (full 0):
 garbage-first heap   total 78848K, used 27402K [0x00000000c1c00000, 0x0000000100000000)
  region size 1024K, 3 young (3072K), 3 survivors (3072K)
 Metaspace       used 44767K, capacity 45779K, committed 45872K, reserved 1103872K
  class space    used 5303K, capacity 5686K, committed 5760K, reserved 1048576K
}
Event: 10.670 GC heap before
{Heap before GC invocations=20 (full 0):
 garbage-first heap   total 78848K, used 59146K [0x00000000c1c00000, 0x0000000100000000)
  region size 1024K, 34 young (34816K), 3 survivors (3072K)
 Metaspace       used 45981K, capacity 47035K, committed 47280K, reserved 1105920K
  class space    used 5458K, capacity 5867K, committed 5888K, reserved 1048576K
}
Event: 10.682 GC heap after
{Heap after GC invocations=21 (full 0):
 garbage-first heap   total 78848K, used 29274K [0x00000000c1c00000, 0x0000000100000000)
  region size 1024K, 4 young (4096K), 4 survivors (4096K)
 Metaspace       used 45981K, capacity 47035K, committed 47280K, reserved 1105920K
  class space    used 5458K, capacity 5867K, committed 5888K, reserved 1048576K
}
Event: 11.476 GC heap before
{Heap before GC invocations=21 (full 0):
 garbage-first heap   total 78848K, used 59994K [0x00000000c1c00000, 0x0000000100000000)
  region size 1024K, 34 young (34816K), 4 survivors (4096K)
 Metaspace       used 46726K, capacity 47789K, committed 47920K, reserved 1105920K
  class space    used 5533K, capacity 5944K, committed 6016K, reserved 1048576K
}
Event: 11.493 GC heap after
{Heap after GC invocations=22 (full 0):
 garbage-first heap   total 78848K, used 30500K [0x00000000c1c00000, 0x0000000100000000)
  region size 1024K, 3 young (3072K), 3 survivors (3072K)
 Metaspace       used 46726K, capacity 47789K, committed 47920K, reserved 1105920K
  class space    used 5533K, capacity 5944K, committed 6016K, reserved 1048576K
}

