# JRE version: Java(TM) SE Runtime Environment (12.0.1+12) (build 12.0.1+12)
# Java VM: Java HotSpot(TM) 64-Bit Server VM (12.0.1+12, mixed mode, sharing, tiered, compressed oops, g1 gc, windows-amd64)
Heap:
 garbage-first heap   total 84992K, used 31925K [0x00000000c1c00000, 0x0000000100000000)
  region size 1024K, 4 young (4096K), 4 survivors (4096K)
 Metaspace       used 46665K, capacity 47931K, committed 48000K, reserved 1091584K
  class space    used 5814K, capacity 6271K, committed 6272K, reserved 1048576K
GC Heap History (10 events):
Event: 16.856 GC heap after
{Heap after GC invocations=21 (full 0):
 garbage-first heap   total 58368K, used 23342K [0x00000000c1c00000, 0x0000000100000000)
  region size 1024K, 3 young (3072K), 3 survivors (3072K)
 Metaspace       used 37118K, capacity 38209K, committed 38400K, reserved 1083392K
  class space    used 4630K, capacity 5038K, committed 5120K, reserved 1048576K
}
Event: 17.650 GC heap before
{Heap before GC invocations=21 (full 0):
 garbage-first heap   total 58368K, used 41774K [0x00000000c1c00000, 0x0000000100000000)
  region size 1024K, 21 young (21504K), 3 survivors (3072K)
 Metaspace       used 37978K, capacity 39048K, committed 39296K, reserved 1083392K
  class space    used 4740K, capacity 5143K, committed 5248K, reserved 1048576K
}
Event: 17.657 GC heap after
{Heap after GC invocations=22 (full 0):
 garbage-first heap   total 70656K, used 24366K [0x00000000c1c00000, 0x0000000100000000)
  region size 1024K, 2 young (2048K), 2 survivors (2048K)
 Metaspace       used 37978K, capacity 39048K, committed 39296K, reserved 1083392K
  class space    used 4740K, capacity 5143K, committed 5248K, reserved 1048576K
}
Event: 18.062 GC heap before
{Heap before GC invocations=22 (full 0):
 garbage-first heap   total 70656K, used 48942K [0x00000000c1c00000, 0x0000000100000000)
  region size 1024K, 26 young (26624K), 2 survivors (2048K)
 Metaspace       used 39495K, capacity 40463K, committed 40704K, reserved 1085440K
  class space    used 4896K, capacity 5292K, committed 5376K, reserved 1048576K
}
Event: 18.068 GC heap after
{Heap after GC invocations=23 (full 0):
 garbage-first heap   total 70656K, used 26113K [0x00000000c1c00000, 0x0000000100000000)
  region size 1024K, 4 young (4096K), 4 survivors (4096K)
 Metaspace       used 39495K, capacity 40463K, committed 40704K, reserved 1085440K
  class space    used 4896K, capacity 5292K, committed 5376K, reserved 1048576K
}
Event: 18.534 GC heap before
{Heap before GC invocations=23 (full 0):
 garbage-first heap   total 70656K, used 50689K [0x00000000c1c00000, 0x0000000100000000)
  region size 1024K, 28 young (28672K), 4 survivors (4096K)
 Metaspace       used 41284K, capacity 42472K, committed 42496K, reserved 1085440K
  class space    used 5136K, capacity 5615K, committed 5632K, reserved 1048576K
}
Event: 18.542 GC heap after
{Heap after GC invocations=24 (full 0):
 garbage-first heap   total 70656K, used 27606K [0x00000000c1c00000, 0x0000000100000000)
  region size 1024K, 4 young (4096K), 4 survivors (4096K)
 Metaspace       used 41284K, capacity 42472K, committed 42496K, reserved 1085440K
  class space    used 5136K, capacity 5615K, committed 5632K, reserved 1048576K
}
Event: 19.226 GC heap before
{Heap before GC invocations=24 (full 0):
 garbage-first heap   total 70656K, used 52182K [0x00000000c1c00000, 0x0000000100000000)
  region size 1024K, 28 young (28672K), 4 survivors (4096K)
 Metaspace       used 42762K, capacity 43977K, committed 44288K, reserved 1087488K
  class space    used 5332K, capacity 5814K, committed 5888K, reserved 1048576K
}
Event: 19.235 GC heap after
{Heap after GC invocations=25 (full 0):
 garbage-first heap   total 70656K, used 29309K [0x00000000c1c00000, 0x0000000100000000)
  region size 1024K, 4 young (4096K), 4 survivors (4096K)
 Metaspace       used 42762K, capacity 43977K, committed 44288K, reserved 1087488K
  class space    used 5332K, capacity 5814K, committed 5888K, reserved 1048576K
}
Event: 19.790 GC heap before
{Heap before GC invocations=25 (full 0):
 garbage-first heap   total 70656K, used 52861K [0x00000000c1c00000, 0x0000000100000000)
  region size 1024K, 27 young (27648K), 4 survivors (4096K)
 Metaspace       used 46665K, capacity 47931K, committed 48000K, reserved 1091584K
  class space    used 5814K, capacity 6271K, committed 6272K, reserved 1048576K
}

